# JRE version: OpenJDK Runtime Environment Temurin-21.0.8+9 (21.0.8+9) (build 21.0.8+9-LTS)
# Java VM: OpenJDK 64-Bit Server VM Temurin-21.0.8+9 (21.0.8+9-LTS, mixed mode, sharing, tiered, compressed oops, compressed class ptrs, parallel gc, windows-amd64)
GC Precious Log:
 CardTable entry size: 512
 CPUs: 12 total, 12 available
 Memory: 15710M
 Large Page Support: Disabled
 NUMA Support: Disabled
 Compressed Oops: Enabled (32-bit)
 Alignments: Space 512K, Generation 512K, Heap 2M
 Heap Min Capacity: 100M
 Heap Initial Capacity: 100M
 Heap Max Capacity: 2G
 Pre-touch: Disabled
 Parallel Workers: 10
Heap:
 PSYoungGen      total 1536K, used 626K [0x00000000d5580000, 0x00000000d5900000, 0x0000000100000000)
  eden space 1024K, 12% used [0x00000000d5580000,0x00000000d55a0af0,0x00000000d5680000)
  from space 512K, 96% used [0x00000000d5800000,0x00000000d587c010,0x00000000d5880000)
  to   space 512K, 0% used [0x00000000d5880000,0x00000000d5880000,0x00000000d5900000)
 ParOldGen       total 162816K, used 162540K [0x0000000080000000, 0x0000000089f00000, 0x00000000d5580000)
  object space 162816K, 99% used [0x0000000080000000,0x0000000089ebb3c0,0x0000000089f00000)
 Metaspace       used 70273K, committed 71744K, reserved 1114112K
  class space    used 7591K, committed 8192K, reserved 1048576K
GC Heap History (20 events):
Event: 274.363 GC heap before
{Heap before GC invocations=73 (full 3):
 PSYoungGen      total 5632K, used 4832K [0x00000000d5580000, 0x00000000d5d00000, 0x0000000100000000)
  eden space 4608K, 100% used [0x00000000d5580000,0x00000000d5a00000,0x00000000d5a00000)
  from space 1024K, 21% used [0x00000000d5b00000,0x00000000d5b38000,0x00000000d5c00000)
  to   space 512K, 0% used [0x00000000d5c80000,0x00000000d5c80000,0x00000000d5d00000)
 ParOldGen       total 151040K, used 150962K [0x0000000080000000, 0x0000000089380000, 0x00000000d5580000)
  object space 151040K, 99% used [0x0000000080000000,0x000000008936c8d0,0x0000000089380000)
 Metaspace       used 70205K, committed 71680K, reserved 1114112K
  class space    used 7591K, committed 8192K, reserved 1048576K
}
Event: 274.366 GC heap after
{Heap after GC invocations=73 (full 3):
 PSYoungGen      total 2048K, used 490K [0x00000000d5580000, 0x00000000d6500000, 0x0000000100000000)
  eden space 1536K, 0% used [0x00000000d5580000,0x00000000d5580000,0x00000000d5700000)
  from space 512K, 95% used [0x00000000d5c80000,0x00000000d5cfa830,0x00000000d5d00000)
  to   space 5632K, 0% used [0x00000000d5700000,0x00000000d5700000,0x00000000d5c80000)
 ParOldGen       total 155136K, used 155122K [0x0000000080000000, 0x0000000089780000, 0x00000000d5580000)
  object space 155136K, 99% used [0x0000000080000000,0x000000008977c8e0,0x0000000089780000)
 Metaspace       used 70205K, committed 71680K, reserved 1114112K
  class space    used 7591K, committed 8192K, reserved 1048576K
}
Event: 274.371 GC heap before
{Heap before GC invocations=74 (full 3):
 PSYoungGen      total 2048K, used 2026K [0x00000000d5580000, 0x00000000d6500000, 0x0000000100000000)
  eden space 1536K, 100% used [0x00000000d5580000,0x00000000d5700000,0x00000000d5700000)
  from space 512K, 95% used [0x00000000d5c80000,0x00000000d5cfa830,0x00000000d5d00000)
  to   space 5632K, 0% used [0x00000000d5700000,0x00000000d5700000,0x00000000d5c80000)
 ParOldGen       total 155136K, used 155122K [0x0000000080000000, 0x0000000089780000, 0x00000000d5580000)
  object space 155136K, 99% used [0x0000000080000000,0x000000008977c8e0,0x0000000089780000)
 Metaspace       used 70205K, committed 71680K, reserved 1114112K
  class space    used 7591K, committed 8192K, reserved 1048576K
}
Event: 274.372 GC heap after
{Heap after GC invocations=74 (full 3):
 PSYoungGen      total 3072K, used 1436K [0x00000000d5580000, 0x00000000d5d00000, 0x0000000100000000)
  eden space 1536K, 0% used [0x00000000d5580000,0x00000000d5580000,0x00000000d5700000)
  from space 1536K, 93% used [0x00000000d5700000,0x00000000d5867000,0x00000000d5880000)
  to   space 3072K, 0% used [0x00000000d5a00000,0x00000000d5a00000,0x00000000d5d00000)
 ParOldGen       total 156160K, used 156102K [0x0000000080000000, 0x0000000089880000, 0x00000000d5580000)
  object space 156160K, 99% used [0x0000000080000000,0x0000000089871940,0x0000000089880000)
 Metaspace       used 70205K, committed 71680K, reserved 1114112K
  class space    used 7591K, committed 8192K, reserved 1048576K
}
Event: 274.391 GC heap before
{Heap before GC invocations=75 (full 3):
 PSYoungGen      total 3072K, used 2972K [0x00000000d5580000, 0x00000000d5d00000, 0x0000000100000000)
  eden space 1536K, 100% used [0x00000000d5580000,0x00000000d5700000,0x00000000d5700000)
  from space 1536K, 93% used [0x00000000d5700000,0x00000000d5867000,0x00000000d5880000)
  to   space 3072K, 0% used [0x00000000d5a00000,0x00000000d5a00000,0x00000000d5d00000)
 ParOldGen       total 156160K, used 156102K [0x0000000080000000, 0x0000000089880000, 0x00000000d5580000)
  object space 156160K, 99% used [0x0000000080000000,0x0000000089871940,0x0000000089880000)
 Metaspace       used 70205K, committed 71680K, reserved 1114112K
  class space    used 7591K, committed 8192K, reserved 1048576K
}
Event: 274.393 GC heap after
{Heap after GC invocations=75 (full 3):
 PSYoungGen      total 3584K, used 1630K [0x00000000d5580000, 0x00000000d5c00000, 0x0000000100000000)
  eden space 1536K, 0% used [0x00000000d5580000,0x00000000d5580000,0x00000000d5700000)
  from space 2048K, 79% used [0x00000000d5a00000,0x00000000d5b97a40,0x00000000d5c00000)
  to   space 2048K, 0% used [0x00000000d5800000,0x00000000d5800000,0x00000000d5a00000)
 ParOldGen       total 157184K, used 157142K [0x0000000080000000, 0x0000000089980000, 0x00000000d5580000)
  object space 157184K, 99% used [0x0000000080000000,0x0000000089975940,0x0000000089980000)
 Metaspace       used 70205K, committed 71680K, reserved 1114112K
  class space    used 7591K, committed 8192K, reserved 1048576K
}
Event: 274.395 GC heap before
{Heap before GC invocations=76 (full 3):
 PSYoungGen      total 3584K, used 3166K [0x00000000d5580000, 0x00000000d5c00000, 0x0000000100000000)
  eden space 1536K, 100% used [0x00000000d5580000,0x00000000d5700000,0x00000000d5700000)
  from space 2048K, 79% used [0x00000000d5a00000,0x00000000d5b97a40,0x00000000d5c00000)
  to   space 2048K, 0% used [0x00000000d5800000,0x00000000d5800000,0x00000000d5a00000)
 ParOldGen       total 157184K, used 157142K [0x0000000080000000, 0x0000000089980000, 0x00000000d5580000)
  object space 157184K, 99% used [0x0000000080000000,0x0000000089975940,0x0000000089980000)
 Metaspace       used 70205K, committed 71680K, reserved 1114112K
  class space    used 7591K, committed 8192K, reserved 1048576K
}
Event: 274.397 GC heap after
{Heap after GC invocations=76 (full 3):
 PSYoungGen      total 3584K, used 1664K [0x00000000d5580000, 0x00000000d5b00000, 0x0000000100000000)
  eden space 1536K, 0% used [0x00000000d5580000,0x00000000d5580000,0x00000000d5700000)
  from space 2048K, 81% used [0x00000000d5800000,0x00000000d59a0000,0x00000000d5a00000)
  to   space 1024K, 0% used [0x00000000d5a00000,0x00000000d5a00000,0x00000000d5b00000)
 ParOldGen       total 158720K, used 158700K [0x0000000080000000, 0x0000000089b00000, 0x00000000d5580000)
  object space 158720K, 99% used [0x0000000080000000,0x0000000089afb380,0x0000000089b00000)
 Metaspace       used 70205K, committed 71680K, reserved 1114112K
  class space    used 7591K, committed 8192K, reserved 1048576K
}
Event: 274.400 GC heap before
{Heap before GC invocations=77 (full 3):
 PSYoungGen      total 3584K, used 3141K [0x00000000d5580000, 0x00000000d5b00000, 0x0000000100000000)
  eden space 1536K, 96% used [0x00000000d5580000,0x00000000d56f1550,0x00000000d5700000)
  from space 2048K, 81% used [0x00000000d5800000,0x00000000d59a0000,0x00000000d5a00000)
  to   space 1024K, 0% used [0x00000000d5a00000,0x00000000d5a00000,0x00000000d5b00000)
 ParOldGen       total 158720K, used 158700K [0x0000000080000000, 0x0000000089b00000, 0x00000000d5580000)
  object space 158720K, 99% used [0x0000000080000000,0x0000000089afb380,0x0000000089b00000)
 Metaspace       used 70205K, committed 71680K, reserved 1114112K
  class space    used 7591K, committed 8192K, reserved 1048576K
}
Event: 274.401 GC heap after
{Heap after GC invocations=77 (full 3):
 PSYoungGen      total 2048K, used 1000K [0x00000000d5580000, 0x00000000d5e00000, 0x0000000100000000)
  eden space 1024K, 0% used [0x00000000d5580000,0x00000000d5580000,0x00000000d5680000)
  from space 1024K, 97% used [0x00000000d5a00000,0x00000000d5afa000,0x00000000d5b00000)
  to   space 3584K, 0% used [0x00000000d5680000,0x00000000d5680000,0x00000000d5a00000)
 ParOldGen       total 160768K, used 160604K [0x0000000080000000, 0x0000000089d00000, 0x00000000d5580000)
  object space 160768K, 99% used [0x0000000080000000,0x0000000089cd7380,0x0000000089d00000)
 Metaspace       used 70205K, committed 71680K, reserved 1114112K
  class space    used 7591K, committed 8192K, reserved 1048576K
}
Event: 274.436 GC heap before
{Heap before GC invocations=78 (full 3):
 PSYoungGen      total 2048K, used 2024K [0x00000000d5580000, 0x00000000d5e00000, 0x0000000100000000)
  eden space 1024K, 100% used [0x00000000d5580000,0x00000000d5680000,0x00000000d5680000)
  from space 1024K, 97% used [0x00000000d5a00000,0x00000000d5afa000,0x00000000d5b00000)
  to   space 3584K, 0% used [0x00000000d5680000,0x00000000d5680000,0x00000000d5a00000)
 ParOldGen       total 160768K, used 160604K [0x0000000080000000, 0x0000000089d00000, 0x00000000d5580000)
  object space 160768K, 99% used [0x0000000080000000,0x0000000089cd7380,0x0000000089d00000)
 Metaspace       used 70224K, committed 71680K, reserved 1114112K
  class space    used 7591K, committed 8192K, reserved 1048576K
}
Event: 274.437 GC heap after
{Heap after GC invocations=78 (full 3):
 PSYoungGen      total 2048K, used 976K [0x00000000d5580000, 0x00000000d5a80000, 0x0000000100000000)
  eden space 1024K, 0% used [0x00000000d5580000,0x00000000d5580000,0x00000000d5680000)
  from space 1024K, 95% used [0x00000000d5680000,0x00000000d5774020,0x00000000d5780000)
  to   space 2048K, 0% used [0x00000000d5880000,0x00000000d5880000,0x00000000d5a80000)
 ParOldGen       total 161792K, used 161468K [0x0000000080000000, 0x0000000089e00000, 0x00000000d5580000)
  object space 161792K, 99% used [0x0000000080000000,0x0000000089daf380,0x0000000089e00000)
 Metaspace       used 70224K, committed 71680K, reserved 1114112K
  class space    used 7591K, committed 8192K, reserved 1048576K
}
Event: 274.696 GC heap before
{Heap before GC invocations=79 (full 3):
 PSYoungGen      total 2048K, used 1998K [0x00000000d5580000, 0x00000000d5a80000, 0x0000000100000000)
  eden space 1024K, 99% used [0x00000000d5580000,0x00000000d567fa08,0x00000000d5680000)
  from space 1024K, 95% used [0x00000000d5680000,0x00000000d5774020,0x00000000d5780000)
  to   space 2048K, 0% used [0x00000000d5880000,0x00000000d5880000,0x00000000d5a80000)
 ParOldGen       total 161792K, used 161468K [0x0000000080000000, 0x0000000089e00000, 0x00000000d5580000)
  object space 161792K, 99% used [0x0000000080000000,0x0000000089daf380,0x0000000089e00000)
 Metaspace       used 70248K, committed 71744K, reserved 1114112K
  class space    used 7591K, committed 8192K, reserved 1048576K
}
Event: 274.698 GC heap after
{Heap after GC invocations=79 (full 3):
 PSYoungGen      total 1536K, used 320K [0x00000000d5580000, 0x00000000d5900000, 0x0000000100000000)
  eden space 1024K, 0% used [0x00000000d5580000,0x00000000d5580000,0x00000000d5680000)
  from space 512K, 62% used [0x00000000d5880000,0x00000000d58d0020,0x00000000d5900000)
  to   space 1024K, 0% used [0x00000000d5700000,0x00000000d5700000,0x00000000d5800000)
 ParOldGen       total 162816K, used 162308K [0x0000000080000000, 0x0000000089f00000, 0x00000000d5580000)
  object space 162816K, 99% used [0x0000000080000000,0x0000000089e813a0,0x0000000089f00000)
 Metaspace       used 70248K, committed 71744K, reserved 1114112K
  class space    used 7591K, committed 8192K, reserved 1048576K
}
Event: 274.801 GC heap before
{Heap before GC invocations=80 (full 3):
 PSYoungGen      total 1536K, used 1344K [0x00000000d5580000, 0x00000000d5900000, 0x0000000100000000)
  eden space 1024K, 100% used [0x00000000d5580000,0x00000000d5680000,0x00000000d5680000)
  from space 512K, 62% used [0x00000000d5880000,0x00000000d58d0020,0x00000000d5900000)
  to   space 1024K, 0% used [0x00000000d5700000,0x00000000d5700000,0x00000000d5800000)
 ParOldGen       total 162816K, used 162308K [0x0000000080000000, 0x0000000089f00000, 0x00000000d5580000)
  object space 162816K, 99% used [0x0000000080000000,0x0000000089e813a0,0x0000000089f00000)
 Metaspace       used 70249K, committed 71744K, reserved 1114112K
  class space    used 7591K, committed 8192K, reserved 1048576K
}
Event: 274.802 GC heap after
{Heap after GC invocations=80 (full 3):
 PSYoungGen      total 2048K, used 256K [0x00000000d5580000, 0x00000000d5900000, 0x0000000100000000)
  eden space 1024K, 0% used [0x00000000d5580000,0x00000000d5580000,0x00000000d5680000)
  from space 1024K, 25% used [0x00000000d5700000,0x00000000d5740000,0x00000000d5800000)
  to   space 512K, 0% used [0x00000000d5880000,0x00000000d5880000,0x00000000d5900000)
 ParOldGen       total 162816K, used 162428K [0x0000000080000000, 0x0000000089f00000, 0x00000000d5580000)
  object space 162816K, 99% used [0x0000000080000000,0x0000000089e9f3c0,0x0000000089f00000)
 Metaspace       used 70249K, committed 71744K, reserved 1114112K
  class space    used 7591K, committed 8192K, reserved 1048576K
}
Event: 274.807 GC heap before
{Heap before GC invocations=81 (full 3):
 PSYoungGen      total 2048K, used 1280K [0x00000000d5580000, 0x00000000d5900000, 0x0000000100000000)
  eden space 1024K, 100% used [0x00000000d5580000,0x00000000d5680000,0x00000000d5680000)
  from space 1024K, 25% used [0x00000000d5700000,0x00000000d5740000,0x00000000d5800000)
  to   space 512K, 0% used [0x00000000d5880000,0x00000000d5880000,0x00000000d5900000)
 ParOldGen       total 162816K, used 162428K [0x0000000080000000, 0x0000000089f00000, 0x00000000d5580000)
  object space 162816K, 99% used [0x0000000080000000,0x0000000089e9f3c0,0x0000000089f00000)
 Metaspace       used 70250K, committed 71744K, reserved 1114112K
  class space    used 7591K, committed 8192K, reserved 1048576K
}
Event: 274.807 GC heap after
{Heap after GC invocations=81 (full 3):
 PSYoungGen      total 1536K, used 352K [0x00000000d5580000, 0x00000000d5900000, 0x0000000100000000)
  eden space 1024K, 0% used [0x00000000d5580000,0x00000000d5580000,0x00000000d5680000)
  from space 512K, 68% used [0x00000000d5880000,0x00000000d58d8020,0x00000000d5900000)
  to   space 512K, 0% used [0x00000000d5800000,0x00000000d5800000,0x00000000d5880000)
 ParOldGen       total 162816K, used 162484K [0x0000000080000000, 0x0000000089f00000, 0x00000000d5580000)
  object space 162816K, 99% used [0x0000000080000000,0x0000000089ead3c0,0x0000000089f00000)
 Metaspace       used 70250K, committed 71744K, reserved 1114112K
  class space    used 7591K, committed 8192K, reserved 1048576K
}
Event: 274.815 GC heap before
{Heap before GC invocations=82 (full 3):
 PSYoungGen      total 1536K, used 1376K [0x00000000d5580000, 0x00000000d5900000, 0x0000000100000000)
  eden space 1024K, 100% used [0x00000000d5580000,0x00000000d5680000,0x00000000d5680000)
  from space 512K, 68% used [0x00000000d5880000,0x00000000d58d8020,0x00000000d5900000)
  to   space 512K, 0% used [0x00000000d5800000,0x00000000d5800000,0x00000000d5880000)
 ParOldGen       total 162816K, used 162484K [0x0000000080000000, 0x0000000089f00000, 0x00000000d5580000)
  object space 162816K, 99% used [0x0000000080000000,0x0000000089ead3c0,0x0000000089f00000)
 Metaspace       used 70258K, committed 71744K, reserved 1114112K
  class space    used 7591K, committed 8192K, reserved 1048576K
}
Event: 274.816 GC heap after
{Heap after GC invocations=82 (full 3):
 PSYoungGen      total 1536K, used 496K [0x00000000d5580000, 0x00000000d5900000, 0x0000000100000000)
  eden space 1024K, 0% used [0x00000000d5580000,0x00000000d5580000,0x00000000d5680000)
  from space 512K, 96% used [0x00000000d5800000,0x00000000d587c010,0x00000000d5880000)
  to   space 512K, 0% used [0x00000000d5880000,0x00000000d5880000,0x00000000d5900000)
 ParOldGen       total 162816K, used 162540K [0x0000000080000000, 0x0000000089f00000, 0x00000000d5580000)
  object space 162816K, 99% used [0x0000000080000000,0x0000000089ebb3c0,0x0000000089f00000)
 Metaspace       used 70258K, committed 71744K, reserved 1114112K
  class space    used 7591K, committed 8192K, reserved 1048576K
}

