# JRE version: OpenJDK Runtime Environment Temurin-21.0.8+9 (21.0.8+9) (build 21.0.8+9-LTS)
# Java VM: OpenJDK 64-Bit Server VM Temurin-21.0.8+9 (21.0.8+9-LTS, mixed mode, sharing, tiered, compressed oops, compressed class ptrs, parallel gc, windows-amd64)
GC Precious Log:
 CardTable entry size: 512
 CPUs: 12 total, 12 available
 Memory: 15710M
 Large Page Support: Disabled
 NUMA Support: Disabled
 Compressed Oops: Enabled (32-bit)
 Alignments: Space 512K, Generation 512K, Heap 2M
 Heap Min Capacity: 100M
 Heap Initial Capacity: 100M
 Heap Max Capacity: 2G
 Pre-touch: Disabled
 Parallel Workers: 10
Heap:
 PSYoungGen      total 10752K, used 5358K [0x00000000d5580000, 0x00000000d6480000, 0x0000000100000000)
  eden space 9216K, 46% used [0x00000000d5580000,0x00000000d59a7808,0x00000000d5e80000)
  from space 1536K, 71% used [0x00000000d6300000,0x00000000d6414000,0x00000000d6480000)
  to   space 2560K, 0% used [0x00000000d5f80000,0x00000000d5f80000,0x00000000d6200000)
 ParOldGen       total 68608K, used 50466K [0x0000000080000000, 0x0000000084300000, 0x00000000d5580000)
  object space 68608K, 73% used [0x0000000080000000,0x0000000083148970,0x0000000084300000)
 Metaspace       used 60747K, committed 62080K, reserved 1114112K
  class space    used 6478K, committed 7040K, reserved 1048576K
GC Heap History (20 events):
Event: 6.914 GC heap before
{Heap before GC invocations=36 (full 2):
 PSYoungGen      total 15360K, used 14138K [0x00000000d5580000, 0x00000000d6680000, 0x0000000100000000)
  eden space 13824K, 100% used [0x00000000d5580000,0x00000000d6300000,0x00000000d6300000)
  from space 1536K, 20% used [0x00000000d6400000,0x00000000d644eb30,0x00000000d6580000)
  to   space 1024K, 0% used [0x00000000d6580000,0x00000000d6580000,0x00000000d6680000)
 ParOldGen       total 68608K, used 43269K [0x0000000080000000, 0x0000000084300000, 0x00000000d5580000)
  object space 68608K, 63% used [0x0000000080000000,0x0000000082a41428,0x0000000084300000)
 Metaspace       used 53279K, committed 54400K, reserved 1114112K
  class space    used 5714K, committed 6208K, reserved 1048576K
}
Event: 6.915 GC heap after
{Heap after GC invocations=36 (full 2):
 PSYoungGen      total 14336K, used 464K [0x00000000d5580000, 0x00000000d6600000, 0x0000000100000000)
  eden space 13824K, 0% used [0x00000000d5580000,0x00000000d5580000,0x00000000d6300000)
  from space 512K, 90% used [0x00000000d6580000,0x00000000d65f4010,0x00000000d6600000)
  to   space 512K, 0% used [0x00000000d6500000,0x00000000d6500000,0x00000000d6580000)
 ParOldGen       total 68608K, used 43285K [0x0000000080000000, 0x0000000084300000, 0x00000000d5580000)
  object space 68608K, 63% used [0x0000000080000000,0x0000000082a45428,0x0000000084300000)
 Metaspace       used 53279K, committed 54400K, reserved 1114112K
  class space    used 5714K, committed 6208K, reserved 1048576K
}
Event: 7.049 GC heap before
{Heap before GC invocations=37 (full 2):
 PSYoungGen      total 14336K, used 14288K [0x00000000d5580000, 0x00000000d6600000, 0x0000000100000000)
  eden space 13824K, 100% used [0x00000000d5580000,0x00000000d6300000,0x00000000d6300000)
  from space 512K, 90% used [0x00000000d6580000,0x00000000d65f4010,0x00000000d6600000)
  to   space 512K, 0% used [0x00000000d6500000,0x00000000d6500000,0x00000000d6580000)
 ParOldGen       total 68608K, used 43285K [0x0000000080000000, 0x0000000084300000, 0x00000000d5580000)
  object space 68608K, 63% used [0x0000000080000000,0x0000000082a45428,0x0000000084300000)
 Metaspace       used 54853K, committed 56128K, reserved 1114112K
  class space    used 5904K, committed 6464K, reserved 1048576K
}
Event: 7.050 GC heap after
{Heap after GC invocations=37 (full 2):
 PSYoungGen      total 14336K, used 504K [0x00000000d5580000, 0x00000000d6600000, 0x0000000100000000)
  eden space 13824K, 0% used [0x00000000d5580000,0x00000000d5580000,0x00000000d6300000)
  from space 512K, 98% used [0x00000000d6500000,0x00000000d657e1d8,0x00000000d6580000)
  to   space 512K, 0% used [0x00000000d6580000,0x00000000d6580000,0x00000000d6600000)
 ParOldGen       total 68608K, used 43573K [0x0000000080000000, 0x0000000084300000, 0x00000000d5580000)
  object space 68608K, 63% used [0x0000000080000000,0x0000000082a8d438,0x0000000084300000)
 Metaspace       used 54853K, committed 56128K, reserved 1114112K
  class space    used 5904K, committed 6464K, reserved 1048576K
}
Event: 7.204 GC heap before
{Heap before GC invocations=38 (full 2):
 PSYoungGen      total 14336K, used 14328K [0x00000000d5580000, 0x00000000d6600000, 0x0000000100000000)
  eden space 13824K, 100% used [0x00000000d5580000,0x00000000d6300000,0x00000000d6300000)
  from space 512K, 98% used [0x00000000d6500000,0x00000000d657e1d8,0x00000000d6580000)
  to   space 512K, 0% used [0x00000000d6580000,0x00000000d6580000,0x00000000d6600000)
 ParOldGen       total 68608K, used 43573K [0x0000000080000000, 0x0000000084300000, 0x00000000d5580000)
  object space 68608K, 63% used [0x0000000080000000,0x0000000082a8d438,0x0000000084300000)
 Metaspace       used 56655K, committed 57920K, reserved 1114112K
  class space    used 6087K, committed 6592K, reserved 1048576K
}
Event: 7.206 GC heap after
{Heap after GC invocations=38 (full 2):
 PSYoungGen      total 14336K, used 505K [0x00000000d5580000, 0x00000000d6600000, 0x0000000100000000)
  eden space 13824K, 0% used [0x00000000d5580000,0x00000000d5580000,0x00000000d6300000)
  from space 512K, 98% used [0x00000000d6580000,0x00000000d65fe470,0x00000000d6600000)
  to   space 1536K, 0% used [0x00000000d6300000,0x00000000d6300000,0x00000000d6480000)
 ParOldGen       total 68608K, used 44234K [0x0000000080000000, 0x0000000084300000, 0x00000000d5580000)
  object space 68608K, 64% used [0x0000000080000000,0x0000000082b32a10,0x0000000084300000)
 Metaspace       used 56655K, committed 57920K, reserved 1114112K
  class space    used 6087K, committed 6592K, reserved 1048576K
}
Event: 7.417 GC heap before
{Heap before GC invocations=39 (full 2):
 PSYoungGen      total 14336K, used 14329K [0x00000000d5580000, 0x00000000d6600000, 0x0000000100000000)
  eden space 13824K, 100% used [0x00000000d5580000,0x00000000d6300000,0x00000000d6300000)
  from space 512K, 98% used [0x00000000d6580000,0x00000000d65fe470,0x00000000d6600000)
  to   space 1536K, 0% used [0x00000000d6300000,0x00000000d6300000,0x00000000d6480000)
 ParOldGen       total 68608K, used 44234K [0x0000000080000000, 0x0000000084300000, 0x00000000d5580000)
  object space 68608K, 64% used [0x0000000080000000,0x0000000082b32a10,0x0000000084300000)
 Metaspace       used 58236K, committed 59456K, reserved 1114112K
  class space    used 6252K, committed 6784K, reserved 1048576K
}
Event: 7.418 GC heap after
{Heap after GC invocations=39 (full 2):
 PSYoungGen      total 15360K, used 1514K [0x00000000d5580000, 0x00000000d6800000, 0x0000000100000000)
  eden space 13824K, 0% used [0x00000000d5580000,0x00000000d5580000,0x00000000d6300000)
  from space 1536K, 98% used [0x00000000d6300000,0x00000000d647a960,0x00000000d6480000)
  to   space 2560K, 0% used [0x00000000d6580000,0x00000000d6580000,0x00000000d6800000)
 ParOldGen       total 68608K, used 44703K [0x0000000080000000, 0x0000000084300000, 0x00000000d5580000)
  object space 68608K, 65% used [0x0000000080000000,0x0000000082ba7ef0,0x0000000084300000)
 Metaspace       used 58236K, committed 59456K, reserved 1114112K
  class space    used 6252K, committed 6784K, reserved 1048576K
}
Event: 7.454 GC heap before
{Heap before GC invocations=40 (full 2):
 PSYoungGen      total 15360K, used 5059K [0x00000000d5580000, 0x00000000d6800000, 0x0000000100000000)
  eden space 13824K, 25% used [0x00000000d5580000,0x00000000d58f6448,0x00000000d6300000)
  from space 1536K, 98% used [0x00000000d6300000,0x00000000d647a960,0x00000000d6480000)
  to   space 2560K, 0% used [0x00000000d6580000,0x00000000d6580000,0x00000000d6800000)
 ParOldGen       total 68608K, used 44703K [0x0000000080000000, 0x0000000084300000, 0x00000000d5580000)
  object space 68608K, 65% used [0x0000000080000000,0x0000000082ba7ef0,0x0000000084300000)
 Metaspace       used 58546K, committed 59776K, reserved 1114112K
  class space    used 6295K, committed 6784K, reserved 1048576K
}
Event: 7.456 GC heap after
{Heap after GC invocations=40 (full 2):
 PSYoungGen      total 14336K, used 432K [0x00000000d5580000, 0x00000000d6600000, 0x0000000100000000)
  eden space 13824K, 0% used [0x00000000d5580000,0x00000000d5580000,0x00000000d6300000)
  from space 512K, 84% used [0x00000000d6580000,0x00000000d65ec030,0x00000000d6600000)
  to   space 1024K, 0% used [0x00000000d6400000,0x00000000d6400000,0x00000000d6500000)
 ParOldGen       total 68608K, used 46105K [0x0000000080000000, 0x0000000084300000, 0x00000000d5580000)
  object space 68608K, 67% used [0x0000000080000000,0x0000000082d06720,0x0000000084300000)
 Metaspace       used 58546K, committed 59776K, reserved 1114112K
  class space    used 6295K, committed 6784K, reserved 1048576K
}
Event: 7.456 GC heap before
{Heap before GC invocations=41 (full 3):
 PSYoungGen      total 14336K, used 432K [0x00000000d5580000, 0x00000000d6600000, 0x0000000100000000)
  eden space 13824K, 0% used [0x00000000d5580000,0x00000000d5580000,0x00000000d6300000)
  from space 512K, 84% used [0x00000000d6580000,0x00000000d65ec030,0x00000000d6600000)
  to   space 1024K, 0% used [0x00000000d6400000,0x00000000d6400000,0x00000000d6500000)
 ParOldGen       total 68608K, used 46105K [0x0000000080000000, 0x0000000084300000, 0x00000000d5580000)
  object space 68608K, 67% used [0x0000000080000000,0x0000000082d06720,0x0000000084300000)
 Metaspace       used 58546K, committed 59776K, reserved 1114112K
  class space    used 6295K, committed 6784K, reserved 1048576K
}
Event: 8.504 GC heap after
{Heap after GC invocations=41 (full 3):
 PSYoungGen      total 14336K, used 0K [0x00000000d5580000, 0x00000000d6600000, 0x0000000100000000)
  eden space 13824K, 0% used [0x00000000d5580000,0x00000000d5580000,0x00000000d6300000)
  from space 512K, 0% used [0x00000000d6580000,0x00000000d6580000,0x00000000d6600000)
  to   space 1024K, 0% used [0x00000000d6400000,0x00000000d6400000,0x00000000d6500000)
 ParOldGen       total 68608K, used 40661K [0x0000000080000000, 0x0000000084300000, 0x00000000d5580000)
  object space 68608K, 59% used [0x0000000080000000,0x00000000827b5458,0x0000000084300000)
 Metaspace       used 58546K, committed 59776K, reserved 1114112K
  class space    used 6295K, committed 6784K, reserved 1048576K
}
Event: 8.744 GC heap before
{Heap before GC invocations=42 (full 3):
 PSYoungGen      total 14336K, used 13824K [0x00000000d5580000, 0x00000000d6600000, 0x0000000100000000)
  eden space 13824K, 100% used [0x00000000d5580000,0x00000000d6300000,0x00000000d6300000)
  from space 512K, 0% used [0x00000000d6580000,0x00000000d6580000,0x00000000d6600000)
  to   space 1024K, 0% used [0x00000000d6400000,0x00000000d6400000,0x00000000d6500000)
 ParOldGen       total 68608K, used 40661K [0x0000000080000000, 0x0000000084300000, 0x00000000d5580000)
  object space 68608K, 59% used [0x0000000080000000,0x00000000827b5458,0x0000000084300000)
 Metaspace       used 59599K, committed 60928K, reserved 1114112K
  class space    used 6400K, committed 6976K, reserved 1048576K
}
Event: 8.745 GC heap after
{Heap after GC invocations=42 (full 3):
 PSYoungGen      total 14848K, used 1010K [0x00000000d5580000, 0x00000000d6900000, 0x0000000100000000)
  eden space 13824K, 0% used [0x00000000d5580000,0x00000000d5580000,0x00000000d6300000)
  from space 1024K, 98% used [0x00000000d6400000,0x00000000d64fcb70,0x00000000d6500000)
  to   space 3072K, 0% used [0x00000000d6600000,0x00000000d6600000,0x00000000d6900000)
 ParOldGen       total 68608K, used 41892K [0x0000000080000000, 0x0000000084300000, 0x00000000d5580000)
  object space 68608K, 61% used [0x0000000080000000,0x00000000828e9158,0x0000000084300000)
 Metaspace       used 59599K, committed 60928K, reserved 1114112K
  class space    used 6400K, committed 6976K, reserved 1048576K
}
Event: 8.950 GC heap before
{Heap before GC invocations=43 (full 3):
 PSYoungGen      total 14848K, used 14834K [0x00000000d5580000, 0x00000000d6900000, 0x0000000100000000)
  eden space 13824K, 100% used [0x00000000d5580000,0x00000000d6300000,0x00000000d6300000)
  from space 1024K, 98% used [0x00000000d6400000,0x00000000d64fcb70,0x00000000d6500000)
  to   space 3072K, 0% used [0x00000000d6600000,0x00000000d6600000,0x00000000d6900000)
 ParOldGen       total 68608K, used 41892K [0x0000000080000000, 0x0000000084300000, 0x00000000d5580000)
  object space 68608K, 61% used [0x0000000080000000,0x00000000828e9158,0x0000000084300000)
 Metaspace       used 60205K, committed 61504K, reserved 1114112K
  class space    used 6434K, committed 6976K, reserved 1048576K
}
Event: 8.953 GC heap after
{Heap after GC invocations=43 (full 3):
 PSYoungGen      total 12288K, used 3066K [0x00000000d5580000, 0x00000000d7200000, 0x0000000100000000)
  eden space 9216K, 0% used [0x00000000d5580000,0x00000000d5580000,0x00000000d5e80000)
  from space 3072K, 99% used [0x00000000d6600000,0x00000000d68fe928,0x00000000d6900000)
  to   space 7680K, 0% used [0x00000000d5e80000,0x00000000d5e80000,0x00000000d6600000)
 ParOldGen       total 68608K, used 45463K [0x0000000080000000, 0x0000000084300000, 0x00000000d5580000)
  object space 68608K, 66% used [0x0000000080000000,0x0000000082c65f20,0x0000000084300000)
 Metaspace       used 60205K, committed 61504K, reserved 1114112K
  class space    used 6434K, committed 6976K, reserved 1048576K
}
Event: 9.017 GC heap before
{Heap before GC invocations=44 (full 3):
 PSYoungGen      total 12288K, used 12270K [0x00000000d5580000, 0x00000000d7200000, 0x0000000100000000)
  eden space 9216K, 99% used [0x00000000d5580000,0x00000000d5e7d020,0x00000000d5e80000)
  from space 3072K, 99% used [0x00000000d6600000,0x00000000d68fe928,0x00000000d6900000)
  to   space 7680K, 0% used [0x00000000d5e80000,0x00000000d5e80000,0x00000000d6600000)
 ParOldGen       total 68608K, used 45463K [0x0000000080000000, 0x0000000084300000, 0x00000000d5580000)
  object space 68608K, 66% used [0x0000000080000000,0x0000000082c65f20,0x0000000084300000)
 Metaspace       used 60402K, committed 61760K, reserved 1114112K
  class space    used 6454K, committed 7040K, reserved 1048576K
}
Event: 9.019 GC heap after
{Heap after GC invocations=44 (full 3):
 PSYoungGen      total 12800K, used 3472K [0x00000000d5580000, 0x00000000d6780000, 0x0000000100000000)
  eden space 9216K, 0% used [0x00000000d5580000,0x00000000d5580000,0x00000000d5e80000)
  from space 3584K, 96% used [0x00000000d5e80000,0x00000000d61e4240,0x00000000d6200000)
  to   space 4608K, 0% used [0x00000000d6300000,0x00000000d6300000,0x00000000d6780000)
 ParOldGen       total 68608K, used 47219K [0x0000000080000000, 0x0000000084300000, 0x00000000d5580000)
  object space 68608K, 68% used [0x0000000080000000,0x0000000082e1cf30,0x0000000084300000)
 Metaspace       used 60402K, committed 61760K, reserved 1114112K
  class space    used 6454K, committed 7040K, reserved 1048576K
}
Event: 9.127 GC heap before
{Heap before GC invocations=45 (full 3):
 PSYoungGen      total 12800K, used 12685K [0x00000000d5580000, 0x00000000d6780000, 0x0000000100000000)
  eden space 9216K, 99% used [0x00000000d5580000,0x00000000d5e7f2f8,0x00000000d5e80000)
  from space 3584K, 96% used [0x00000000d5e80000,0x00000000d61e4240,0x00000000d6200000)
  to   space 4608K, 0% used [0x00000000d6300000,0x00000000d6300000,0x00000000d6780000)
 ParOldGen       total 68608K, used 47219K [0x0000000080000000, 0x0000000084300000, 0x00000000d5580000)
  object space 68608K, 68% used [0x0000000080000000,0x0000000082e1cf30,0x0000000084300000)
 Metaspace       used 60625K, committed 61952K, reserved 1114112K
  class space    used 6475K, committed 7040K, reserved 1048576K
}
Event: 9.129 GC heap after
{Heap after GC invocations=45 (full 3):
 PSYoungGen      total 10752K, used 1104K [0x00000000d5580000, 0x00000000d6480000, 0x0000000100000000)
  eden space 9216K, 0% used [0x00000000d5580000,0x00000000d5580000,0x00000000d5e80000)
  from space 1536K, 71% used [0x00000000d6300000,0x00000000d6414000,0x00000000d6480000)
  to   space 2560K, 0% used [0x00000000d5f80000,0x00000000d5f80000,0x00000000d6200000)
 ParOldGen       total 68608K, used 50466K [0x0000000080000000, 0x0000000084300000, 0x00000000d5580000)
  object space 68608K, 73% used [0x0000000080000000,0x0000000083148970,0x0000000084300000)
 Metaspace       used 60625K, committed 61952K, reserved 1114112K
  class space    used 6475K, committed 7040K, reserved 1048576K
}

